\BOOKMARK [0][-]{chapter*.1}{\376\377\000S\000t\000r\000e\000s\000z\000c\000z\000e\000n\000i\000e\000\040}{}% 1
\BOOKMARK [0][-]{chapter*.2}{\376\377\000A\000b\000s\000t\000r\000a\000c\000t\000\040}{}% 2
\BOOKMARK [0][-]{chapter*.4}{\376\377\000W\000p\000r\000o\000w\000a\000d\000z\000n\000i\000e}{}% 3
\BOOKMARK [1][-]{section*.5}{\376\377\000C\000e\000l\000\040\000p\000r\000a\000c\000y}{chapter*.4}% 4
\BOOKMARK [1][-]{section*.6}{\376\377\000Z\000a\000k\000r\000e\000s\000\040\000p\000r\000a\000c\000y}{chapter*.4}% 5
\BOOKMARK [0][-]{chapter*.7}{\376\377\000P\000r\000z\000e\000g\000l\001\005\000d\000\040\000l\000i\000t\000e\000r\000a\000t\000u\000r\000y}{}% 6
\BOOKMARK [1][-]{section*.8}{\376\377\000Z\000a\000k\000r\000e\000s\000\040\000p\000r\000z\000e\000g\000l\001\005\000d\000u\000\040\000l\000i\000t\000e\000r\000a\000t\000u\000r\000y}{chapter*.7}% 7
\BOOKMARK [1][-]{section*.9}{\376\377\000C\000e\000l\000\040\000p\000r\000z\000e\000g\000l\001\005\000d\000u\000\040\000l\000i\000t\000e\000r\000a\000t\000u\000r\000y}{chapter*.7}% 8
\BOOKMARK [1][-]{section*.10}{\376\377\000K\000l\000a\000s\000y\000f\000i\000k\000a\000c\000j\000a\000\040\000o\000b\000r\000a\000z\000\363\000w}{chapter*.7}% 9
\BOOKMARK [2][-]{subsection*.11}{\376\377\000T\000r\000a\000d\000y\000c\000y\000j\000n\000e\000\040\000m\000e\000t\000o\000d\000y\000\040\000k\000l\000a\000s\000y\000f\000i\000k\000a\000c\000j\000i\000\040\000o\000b\000r\000a\000z\000\363\000w}{section*.10}% 10
\BOOKMARK [2][-]{subsection*.12}{\376\377\000E\000w\000o\000l\000u\000c\000j\000a\000\040\000p\000o\000d\000e\000j\001\133\001\007\000\040\000z\000\040\000w\000y\000k\000o\000r\000z\000y\000s\000t\000a\000n\000i\000e\000m\000\040\000g\001\102\001\031\000b\000o\000k\000i\000e\000g\000o\000\040\000u\000c\000z\000e\000n\000i\000a}{section*.10}% 11
\BOOKMARK [2][-]{subsection*.13}{\376\377\000Z\000a\000a\000w\000a\000n\000s\000o\000w\000a\000n\000e\000\040\000a\000r\000c\000h\000i\000t\000e\000k\000t\000u\000r\000y\000\040\000s\000i\000e\000c\000i\000\040\000n\000e\000u\000r\000o\000n\000o\000w\000y\000c\000h}{section*.10}% 12
\BOOKMARK [2][-]{subsection*.14}{\376\377\000P\000o\000d\000s\000u\000m\000o\000w\000a\000n\000i\000e}{section*.10}% 13
\BOOKMARK [1][-]{section*.15}{\376\377\000M\000o\000d\000e\000l\000e\000\040\000g\001\102\001\031\000b\000o\000k\000i\000e\000g\000o\000\040\000u\000c\000z\000e\000n\000i\000a}{chapter*.7}% 14
\BOOKMARK [2][-]{subsection*.16}{\376\377\000C\000o\000n\000v\000o\000l\000u\000t\000i\000o\000n\000a\000l\000\040\000N\000e\000u\000r\000a\000l\000\040\000N\000e\000t\000w\000o\000r\000k\000s\000\040\000\050\000C\000N\000N\000\051}{section*.15}% 15
\BOOKMARK [2][-]{subsection*.17}{\376\377\000R\000e\000s\000i\000d\000u\000a\000l\000\040\000N\000e\000t\000w\000o\000r\000k\000s\000\040\000\050\000R\000e\000s\000N\000e\000t\000\051}{section*.15}% 16
\BOOKMARK [2][-]{subsection*.18}{\376\377\000T\000r\000a\000n\000s\000f\000o\000r\000m\000e\000r\000y\000\040\000w\000\040\000p\000r\000z\000e\000t\000w\000a\000r\000z\000a\000n\000i\000u\000\040\000o\000b\000r\000a\000z\000\363\000w}{section*.15}% 17
\BOOKMARK [2][-]{subsection*.19}{\376\377\000N\000o\000w\000o\000c\000z\000e\000s\000n\000e\000\040\000a\000r\000c\000h\000i\000t\000e\000k\000t\000u\000r\000y}{section*.15}% 18
\BOOKMARK [2][-]{subsection*.20}{\376\377\000P\000o\000d\000s\000u\000m\000o\000w\000a\000n\000i\000e}{section*.15}% 19
\BOOKMARK [1][-]{section*.21}{\376\377\000S\000e\000g\000m\000e\000n\000t\000a\000c\000j\000a\000\040\000o\000b\000r\000a\000z\000\363\000w}{chapter*.7}% 20
\BOOKMARK [2][-]{subsection*.22}{\376\377\000T\000r\000a\000d\000y\000c\000y\000j\000n\000e\000\040\000m\000e\000t\000o\000d\000y\000\040\000s\000e\000g\000m\000e\000n\000t\000a\000c\000j\000i\000\040\000o\000b\000r\000a\000z\000\363\000w}{section*.21}% 21
\BOOKMARK [2][-]{subsection*.23}{\376\377\000N\000o\000w\000o\000c\000z\000e\000s\000n\000e\000\040\000p\000o\000d\000e\000j\001\133\000c\000i\000a\000\040\000w\000y\000k\000o\000r\000z\000y\000s\000t\000u\000j\001\005\000c\000e\000\040\000g\001\102\001\031\000b\000o\000k\000i\000e\000\040\000u\000c\000z\000e\000n\000i\000e}{section*.21}% 22
\BOOKMARK [2][-]{subsection*.24}{\376\377\000Z\000a\000s\000t\000o\000s\000o\000w\000a\000n\000i\000a\000\040\000s\000e\000g\000m\000e\000n\000t\000a\000c\000j\000i\000\040\000o\000b\000r\000a\000z\000\363\000w}{section*.21}% 23
\BOOKMARK [2][-]{subsection*.25}{\376\377\000P\000o\000d\000s\000u\000m\000o\000w\000a\000n\000i\000e}{section*.21}% 24
\BOOKMARK [1][-]{section*.26}{\376\377\000W\000p\001\102\000y\000w\000\040\000t\001\102\000a\000\040\000n\000a\000\040\000k\000l\000a\000s\000y\000f\000i\000k\000a\000c\000j\001\031\000\040\000o\000b\000r\000a\000z\000\363\000w}{chapter*.7}% 25
\BOOKMARK [2][-]{subsection*.27}{\376\377\000B\000a\000d\000a\000n\000i\000a\000\040\000d\000o\000t\000y\000c\000z\001\005\000c\000e\000\040\000w\000p\001\102\000y\000w\000u\000\040\000t\001\102\000a}{section*.26}% 26
\BOOKMARK [2][-]{subsection*.28}{\376\377\000T\000e\000c\000h\000n\000i\000k\000i\000\040\000u\000s\000u\000w\000a\000n\000i\000a\000\040\000i\000\040\000m\000o\000d\000y\000f\000i\000k\000a\000c\000j\000i\000\040\000t\001\102\000a}{section*.26}% 27
\BOOKMARK [2][-]{subsection*.29}{\376\377\000W\000y\000z\000w\000a\000n\000i\000a\000\040\000i\000\040\000p\000r\000z\000y\000s\000z\001\102\000e\000\040\000k\000i\000e\000r\000u\000n\000k\000i\000\040\000b\000a\000d\000a\001\104}{section*.26}% 28
\BOOKMARK [2][-]{subsection*.30}{\376\377\000P\000o\000d\000s\000u\000m\000o\000w\000a\000n\000i\000e}{section*.26}% 29
\BOOKMARK [1][-]{section*.31}{\376\377\000M\000e\000t\000r\000y\000k\000i\000\040\000o\000c\000e\000n\000y\000\040\000j\000a\000k\000o\001\133\000c\000i\000\040\000m\000o\000d\000e\000l\000i}{chapter*.7}% 30
\BOOKMARK [2][-]{subsection*.32}{\376\377\000D\000o\000k\001\102\000a\000d\000n\000o\001\133\001\007\000\040\000\050\000A\000c\000c\000u\000r\000a\000c\000y\000\051}{section*.31}% 31
\BOOKMARK [2][-]{subsection*.33}{\376\377\000P\000r\000e\000c\000y\000z\000j\000a\000\040\000\050\000P\000r\000e\000c\000i\000s\000i\000o\000n\000\051}{section*.31}% 32
\BOOKMARK [2][-]{subsection*.34}{\376\377\000C\000z\000u\001\102\000o\001\133\001\007\000\040\000\050\000R\000e\000c\000a\000l\000l\000\051}{section*.31}% 33
\BOOKMARK [2][-]{subsection*.35}{\376\377\000F\0001\000-\000S\000c\000o\000r\000e}{section*.31}% 34
\BOOKMARK [2][-]{subsection*.36}{\376\377\000I\000n\000n\000e\000\040\000z\000a\000a\000w\000a\000n\000s\000o\000w\000a\000n\000e\000\040\000m\000i\000a\000r\000y}{section*.31}% 35
\BOOKMARK [2][-]{subsection*.37}{\376\377\000Z\000a\000s\000t\000o\000s\000o\000w\000a\000n\000i\000e\000\040\000m\000e\000t\000r\000y\000k\000\040\000w\000\040\000p\000r\000a\000k\000t\000y\000c\000e}{section*.31}% 36
\BOOKMARK [2][-]{subsection*.38}{\376\377\000P\000o\000d\000s\000u\000m\000o\000w\000a\000n\000i\000e}{section*.31}% 37
\BOOKMARK [0][-]{chapter*.39}{\376\377\000M\000e\000t\000o\000d\000y\000k\000a\000\040\000b\000a\000d\000a\001\104}{}% 38
\BOOKMARK [1][-]{section*.40}{\376\377\000W\000p\000r\000o\000w\000a\000d\000z\000e\000n\000i\000e\000\040\000d\000o\000\040\000m\000e\000t\000o\000d\000y\000k\000i\000\040\000b\000a\000d\000a\001\104}{chapter*.39}% 39
\BOOKMARK [1][-]{section*.41}{\376\377\000P\000r\000z\000y\000g\000o\000t\000o\000w\000a\000n\000i\000e\000\040\001\133\000r\000o\000d\000o\000w\000i\000s\000k\000a}{chapter*.39}% 40
\BOOKMARK [1][-]{section*.42}{\376\377\000W\000y\000b\000r\000a\000n\000e\000\040\000m\000o\000d\000e\000l\000e}{chapter*.39}% 41
\BOOKMARK [2][-]{subsection*.43}{\376\377\000R\000e\000s\000N\000e\000t}{section*.42}% 42
\BOOKMARK [2][-]{subsection*.44}{\376\377\000C\000o\000n\000v\000N\000e\000X\000t}{section*.42}% 43
\BOOKMARK [2][-]{subsection*.45}{\376\377\000D\000e\000e\000p\000L\000a\000b\000v\0003}{section*.42}% 44
\BOOKMARK [2][-]{subsection*.46}{\376\377\000U\000z\000a\000s\000a\000d\000n\000i\000e\000n\000i\000e\000\040\000w\000y\000b\000o\000r\000u\000\040\000m\000o\000d\000e\000l\000i}{section*.42}% 45
\BOOKMARK [1][-]{section*.47}{\376\377\000W\000y\000b\000r\000a\000n\000e\000\040\000m\000e\000t\000r\000y\000k\000i}{chapter*.39}% 46
\BOOKMARK [2][-]{subsection*.48}{\376\377\000D\000o\000k\001\102\000a\000d\000n\000o\001\133\001\007\000\040\000\050\000A\000c\000c\000u\000r\000a\000c\000y\000\051}{section*.47}% 47
\BOOKMARK [2][-]{subsection*.49}{\376\377\000P\000e\000w\000n\000o\001\133\001\007\000\040\000k\000l\000a\000s\000y\000f\000i\000k\000a\000c\000j\000i\000\040\000\050\000C\000o\000n\000f\000i\000d\000e\000n\000c\000e\000\040\000S\000c\000o\000r\000e\000s\000\051}{section*.47}% 48
\BOOKMARK [2][-]{subsection*.50}{\376\377\000M\000a\000c\000i\000e\000r\000z\000\040\000p\000o\000m\000y\001\102\000e\000k}{section*.47}% 49
\BOOKMARK [1][-]{section*.51}{\376\377\000O\000p\000i\000s\000\040\000w\000y\000k\000o\000r\000z\000y\000s\000t\000a\000n\000e\000g\000o\000\040\000z\000b\000i\000o\000r\000u\000\040\000d\000a\000n\000y\000c\000h}{chapter*.39}% 50
\BOOKMARK [2][-]{subsection*.52}{\376\377\000S\000t\000r\000u\000k\000t\000u\000r\000a\000\040\000z\000b\000i\000o\000r\000u\000\040\000d\000a\000n\000y\000c\000h}{section*.51}% 51
\BOOKMARK [2][-]{subsection*.53}{\376\377\000R\000\363\001\174\000n\000o\000r\000o\000d\000n\000o\001\133\001\007\000\040\000o\000b\000r\000a\000z\000\363\000w}{section*.51}% 52
\BOOKMARK [2][-]{subsection*.54}{\376\377\000P\000o\000p\000u\000l\000a\000r\000n\000o\001\133\001\007\000\040\000i\000\040\000z\000n\000a\000c\000z\000e\000n\000i\000e\000\040\000I\000m\000a\000g\000e\000N\000e\000t\0001\000k}{section*.51}% 53
\BOOKMARK [1][-]{section*.55}{\376\377\000P\000l\000a\000n\000\040\000b\000a\000d\000a\001\104}{chapter*.39}% 54
\BOOKMARK [2][-]{subsection*.56}{\376\377\000P\000r\000z\000y\000g\000o\000t\000o\000w\000a\000n\000i\000e\000\040\001\133\000r\000o\000d\000o\000w\000i\000s\000k\000a\000\040\000p\000r\000a\000c\000y}{section*.55}% 55
\BOOKMARK [2][-]{subsection*.57}{\376\377\000W\000y\000b\000r\000a\000n\000i\000e\000\040\000m\000o\000d\000e\000l\000i\000\040\000d\000o\000\040\000s\000e\000g\000m\000e\000n\000t\000a\000c\000j\000i\000\040\000i\000\040\000k\000l\000a\000s\000y\000f\000i\000k\000a\000c\000j\000i}{section*.55}% 56
\BOOKMARK [2][-]{subsection*.58}{\376\377\000W\000y\000b\000r\000a\000n\000i\000e\000\040\000k\000l\000a\000s\000\040\000z\000w\000i\000e\000r\000z\001\005\000t}{section*.55}% 57
\BOOKMARK [2][-]{subsection*.59}{\376\377\000S\000e\000g\000m\000e\000n\000t\000a\000c\000j\000a\000\040\000o\000b\000r\000a\000z\000\363\000w}{section*.55}% 58
\BOOKMARK [2][-]{subsection*.60}{\376\377\000P\000r\000z\000y\000g\000o\000t\000o\000w\000a\000n\000i\000e\000\040\000z\000m\000o\000d\000y\000f\000i\000k\000o\000w\000a\000n\000y\000c\000h\000\040\000z\000b\000i\000o\000r\000\363\000w\000\040\000z\000d\000j\001\031\001\007}{section*.55}% 59
\BOOKMARK [2][-]{subsection*.61}{\376\377\000D\000o\000k\000o\000n\000a\000n\000i\000e\000\040\000p\000r\000e\000d\000y\000k\000c\000j\000i\000\040\000n\000a\000\040\000w\000y\000b\000r\000a\000n\000y\000c\000h\000\040\000m\000o\000d\000e\000l\000a\000c\000h}{section*.55}% 60
\BOOKMARK [2][-]{subsection*.62}{\376\377\000D\000o\000d\000a\000n\000i\000e\000\040\000k\000a\000t\000e\000g\000o\000r\000i\000i\000\040\000z\000d\000j\001\031\001\007\000\040\000p\000o\000d\000\040\000w\000z\000g\000l\001\031\000d\000e\000m\000\040\000p\000r\000o\000c\000e\000n\000t\000u\000\040\000z\000a\000j\000m\000o\000w\000a\000n\000e\000g\000o\000\040\000p\000r\000z\000e\000z\000\040\000o\000b\000i\000e\000k\000t\000\040\000n\000a\000\040\000z\000d\000j\001\031\000c\000i\000u}{section*.55}% 61
\BOOKMARK [2][-]{subsection*.63}{\376\377\000A\000n\000a\000l\000i\000z\000a\000\040\000w\000y\000n\000i\000k\000\363\000w}{section*.55}% 62
\BOOKMARK [2][-]{subsection*.64}{\376\377\000W\000n\000i\000o\000s\000k\000i\000\040\000i\000\040\000d\000a\000l\000s\000z\000e\000\040\000k\000i\000e\000r\000u\000n\000k\000i\000\040\000r\000o\000z\000w\000o\000j\000u}{section*.55}% 63
\BOOKMARK [2][-]{subsection*.65}{\376\377\000P\000o\000d\000s\000u\000m\000o\000w\000a\000n\000i\000e}{section*.55}% 64
\BOOKMARK [0][-]{chapter*.66}{\376\377\000P\000o\000d\000s\000u\000m\000o\000w\000a\000n\000i\000e}{}% 65
\BOOKMARK [0][-]{chapter*.67}{\376\377\000S\000p\000i\000s\000\040\000r\000y\000s\000u\000n\000k\000\363\000w}{}% 66
\BOOKMARK [0][-]{chapter*.68}{\376\377\000S\000p\000i\000s\000\040\000l\000i\000s\000t\000i\000n\000g\000\363\000w}{}% 67
\BOOKMARK [0][-]{chapter*.69}{\376\377\000S\000p\000i\000s\000\040\000t\000a\000b\000e\000l}{}% 68
\BOOKMARK [0][-]{section*.70}{\376\377\000D\000o\000d\000a\000t\000k\000i}{}% 69
